<?xml version="1.0" encoding="UTF-8"?>
<!-- Generated by org.testng.reporters.JUnitReportReporter -->
<testsuite hostname="DESKTOP-POKNRU5" failures="0" tests="1" name="com.bootcamp.AppTest" time="0.011" errors="0" timestamp="2025-01-24T17:24:37 WIB" skipped="0">
  <testcase classname="com.bootcamp.AppTest" name="testApp" time="0.011"/>
</testsuite> <!-- com.bootcamp.AppTest -->
