<?xml version="1.0" encoding="UTF-8"?>
<!-- Generated by org.testng.reporters.JUnitReportReporter -->
<testsuite hostname="DESKTOP-POKNRU5" failures="0" tests="1" name="com.bootcamp.tests.CheckoutTest" time="3.536" errors="0" timestamp="2025-01-24T17:24:37 WIB" skipped="0">
  <testcase classname="com.bootcamp.tests.CheckoutTest" name="testCheckout" time="3.536"/>
</testsuite> <!-- com.bootcamp.tests.CheckoutTest -->
